 Beta activation of the GRPC server.

 Ansys Mechanical Enterprise Academic Student      


 *------------------------------------------------------------------*
 |                                                                  |
 |   W E L C O M E   T O   T H E   A N S Y S (R)  P R O G R A M     |
 |                                                                  |
 *------------------------------------------------------------------*




 ***************************************************************
 *         ANSYS MAPDL 2025 R1          LEGAL NOTICES          *
 ***************************************************************
 *                                                             *
 * Copyright 1971-2025 Ansys, Inc.  All rights reserved.       *
 * Unauthorized use, distribution or duplication is            *
 * prohibited.                                                 *
 *                                                             *
 * Ansys is a registered trademark of Ansys, Inc. or its       *
 * subsidiaries in the United States or other countries.       *
 * See the Ansys, Inc. online documentation or the Ansys, Inc. *
 * documentation CD or online help for the complete Legal      *
 * Notice.                                                     *
 *                                                             *
 ***************************************************************
 *                                                             *
 * THIS ANSYS SOFTWARE PRODUCT AND PROGRAM DOCUMENTATION       *
 * INCLUDE TRADE SECRETS AND CONFIDENTIAL AND PROPRIETARY      *
 * PRODUCTS OF ANSYS, INC., ITS SUBSIDIARIES, OR LICENSORS.    *
 * The software products and documentation are furnished by    *
 * Ansys, Inc. or its subsidiaries under a software license    *
 * agreement that contains provisions concerning               *
 * non-disclosure, copying, length and nature of use,          *
 * compliance with exporting laws, warranties, disclaimers,    *
 * limitations of liability, and remedies, and other           *
 * provisions.  The software products and documentation may be *
 * used, disclosed, transferred, or copied only in accordance  *
 * with the terms and conditions of that software license      *
 * agreement.                                                  *
 *                                                             *
 * Ansys, Inc. is a UL registered                              *
 * ISO 9001:2015 company.                                      *
 *                                                             *
 ***************************************************************
 *                                                             *
 * This product is subject to U.S. laws governing export and   *
 * re-export.                                                  *
 *                                                             *
 * For U.S. Government users, except as specifically granted   *
 * by the Ansys, Inc. software license agreement, the use,     *
 * duplication, or disclosure by the United States Government  *
 * is subject to restrictions stated in the Ansys, Inc.        *
 * software license agreement and FAR 12.212 (for non-DOD      *
 * licenses).                                                  *
 *                                                             *
 ***************************************************************

 2025 R1 
     
 Point Releases and Patches installed:   
     
 Ansys Service Pack 2025 R1.23065720 
 Discovery (full install) 2025 R1.23065720   
 Core WB Files 2025 R1.23065720  
 Ansys Dynamic Reporting 2025 R1.23065720
 CFX (includes CFD-Post) 2025 R1.23065720
 Chemkin 2025 R1.23065720
 EnSight 2025 R1.23065720
 FENSAP-ICE 2025 R1.23065720 
 Fluent (includes CFD-Post) 2025 R1.23065720 
 Polyflow (includes CFD-Post) 2025 R1.23065720   
 Forte (includes EnSight) 2025 R1.23065720   
 Rocky 2025 R1.23065720  
 TurboGrid 2025 R1.23065720  
 ACIS Geometry Interface 2025 R1.23065720
 AutoCAD Geometry Interface 2025 R1.23065720 
 Catia, Version 4 Geometry Interface 2025 R1.23065720
 Catia, Version 5 Geometry Interface 2025 R1.23065720
 Catia, Version 6 Geometry Interface 2025 R1.23065720
 Creo Elements/Direct Modeling Geometry Interface 2025 R1.23065720   
 Creo Parametric Geometry Interface 2025 R1.23065720 
 Inventor Geometry Interface 2025 R1.23065720
 JTOpen Geometry Interface 2025 R1.23065720  
 NX Geometry Interface 2025 R1.23065720  
 Parasolid Geometry Interface  2025 R1.23065720  
 Solid Edge Geometry Interface 2025 R1.23065720  
 SOLIDWORKS Geometry Interface 2025 R1.23065720  
 Speos 2025 R1.23065720  
 SpaceClaim 2025 R1.23065720 
 Speos RPC 2025 R1.23065720  
 Aqwa 2025 R1.23065720   
 Autodyn 2025 R1.23065720
 Material Calibration App 2025 R1.23065720   
 Mechanical Products 2025 R1.23065720
 Motion 2025 R1.23065720 
 Academic Student 2025 R1.23065720   


          *****  MAPDL COMMAND LINE ARGUMENTS  *****
  INITIAL JOBNAME              = file                                                                                                                                                                                                                                                    
  BATCH MODE REQUESTED (-b)    = LIST
  INPUT FILE COPY MODE (-c)    = COPY
  SHARED MEMORY PARALLEL REQUESTED
    SINGLE PROCESS WITH   2 THREADS REQUESTED
    TOTAL OF     2 CORES REQUESTED
  INPUT FILE NAME              = C:\Users\Student\Desktop\ANSYS-Asymmetric-Modes-Identifier\python-mapdl-api\beam_run_20250322_180516\.__tmp__.inp
  OUTPUT FILE NAME             = C:\Users\Student\Desktop\ANSYS-Asymmetric-Modes-Identifier\python-mapdl-api\beam_run_20250322_180516\.__tmp__.out

 PARAMETER STATUS-           (   1 PARAMETERS DEFINED)

 NAME                              VALUE                        TYPE
 PORT                              50052.0000                    SCALAR

 RELEASE= 2025 R1              BUILD= 25.1      UP20241202   VERSION=WINDOWS x64 
 CURRENT JOBNAME=file  18:05:18  MAR 22, 2025 CP=      0.156

     1  FINISH 

 RUN SETUP PROCEDURE FROM FILE= C:\Program Files\ANSYS Inc\ANSYS Student\v251\ANSYS\apdl\start.ans
 Start GRPC Server

 ##############################
 ### START GRPC SERVER      ###
 ##############################

 Server Executable   : MapdlGrpc.Server
 Server listening on : 0.0.0.0:50052

 /OUTPUT FILE= anstmp

 /OUTPUT FILE= anstmp

 /OUTPUT FILE=         
   *****MAPDL VERIFICATION RUN ONLY*****
     DO NOT USE RESULTS FOR PRODUCTION


          ***** TIME-HISTORY POSTPROCESSOR (POST26) *****

 ALL POST26 SPECIFICATIONS ARE RESET TO INITIAL DEFAULTS

 *** NOTE ***                            CP =       0.000   TIME= 00:00:00
 Geometry is not available.  Issue RESUME to restore database.           

 *** NOTE ***                            CP =       0.000   TIME= 00:00:00
 Unable to open default results file                                     
  Use FILE command to open a results file.                               

 *** WARNING ***                         CP =       0.000   TIME= 00:00:00
 The geometry is not available.  Issue the RESUME command to restore the 
 database.  The NUMVAR command is ignored.                               


 ***** ROUTINE COMPLETED *****  CP =         0.000



 /OUTPUT FILE=         

 /OUTPUT FILE=         

 /OUTPUT FILE=         

 /OUTPUT FILE=         

 /OUTPUT FILE=         

 /OUTPUT FILE=         

 CLEAR MAPDL DATABASE AND RESTART

 Ansys Mechanical Enterprise Academic Student      

 /OUTPUT FILE=         

 /OUTPUT FILE=         

 /OUTPUT FILE=         

 /OUTPUT FILE=         

 /OUTPUT FILE=         

 /OUTPUT FILE=         

 /OUTPUT FILE=         

 /OUTPUT FILE=         

 /OUTPUT FILE=         

 /OUTPUT FILE=         

 VECTOR GET OPERATION  _MYVGET_  VECTOR LENGTH=     189
 NAME= NODE         0  NLIS      

 /OUTPUT FILE=         

 /OUTPUT FILE=         

 /OUTPUT FILE=         

 /OUTPUT FILE=         

 /OUTPUT FILE=         

 /OUTPUT FILE=         

 /OUTPUT FILE=         

 /OUTPUT FILE=         

 /OUTPUT FILE=         

 /OUTPUT FILE=         

 /OUTPUT FILE=         

 /OUTPUT FILE=         
 You have already entered the general postprocessor (POST1).             

 /OUTPUT FILE=         
 You have already entered the general postprocessor (POST1).             

 /OUTPUT FILE=         

 /OUTPUT FILE=         

 /OUTPUT FILE=         
 You have already entered the general postprocessor (POST1).             

 /OUTPUT FILE=         
 You have already entered the general postprocessor (POST1).             

 /OUTPUT FILE=         

 /OUTPUT FILE=         

 /OUTPUT FILE=         
 You have already entered the general postprocessor (POST1).             

 /OUTPUT FILE=         
 You have already entered the general postprocessor (POST1).             

 /OUTPUT FILE=         
